Using pre-set license
Built from '2020.2/china_unity/release' branch; Version is '2020.2.0f1c1 (f2fe8b73675a) revision 15924875'; Using compiler version '192528614'; Build Type 'Release'
OS: 'Windows 10  (10.0.0) 64bit' Language: 'zh' Physical Memory: 15741 MB
BatchMode: 1, IsHumanControllingUs: 0, StartBugReporterOnCrash: 0, Is64bit: 1, IsPro: 0

 COMMAND LINE ARGUMENTS:
C:\Program Files\Unity\Hub\Editor\2020.2.0f1c1\Editor\Unity.exe
-adb2
-batchMode
-noUpm
-name
AssetImportWorker0
-projectPath
C:/Users/lenovo/Documents/Live2DWP
-logFile
Logs/AssetImportWorker0.log
-srvPort
56403
Successfully changed project path to: C:/Users/lenovo/Documents/Live2DWP
C:/Users/lenovo/Documents/Live2DWP
Using Asset Import Pipeline V2.
Refreshing native plugins compatible for Editor in 49.25 ms, found 2 plugins.
Preloading 0 native plugins for Editor in 0.00 ms.
Initialize engine version: 2020.2.0f1c1 (f2fe8b73675a)
[Subsystems] Discovering subsystems at path C:/Program Files/Unity/Hub/Editor/2020.2.0f1c1/Editor/Data/Resources/UnitySubsystems
[Subsystems] Discovering subsystems at path C:/Users/lenovo/Documents/Live2DWP/Assets
GfxDevice: creating device client; threaded=0
Direct3D:
    Version:  Direct3D 11.0 [level 11.1]
    Renderer: AMD Radeon(TM) Graphics (ID=0x1636)
    Vendor:   
    VRAM:     7870 MB
    Driver:   27.20.1028.1
Initialize mono
Mono path[0] = 'C:/Program Files/Unity/Hub/Editor/2020.2.0f1c1/Editor/Data/Managed'
Mono path[1] = 'C:/Program Files/Unity/Hub/Editor/2020.2.0f1c1/Editor/Data/MonoBleedingEdge/lib/mono/unityjit'
Mono config path = 'C:/Program Files/Unity/Hub/Editor/2020.2.0f1c1/Editor/Data/MonoBleedingEdge/etc'
Using monoOptions --debugger-agent=transport=dt_socket,embedding=1,server=y,suspend=n,address=127.0.0.1:56700
Begin MonoManager ReloadAssembly
Registering precompiled unity dll's ...
Register platform support module: C:/Program Files/Unity/Hub/Editor/2020.2.0f1c1/Editor/Data/PlaybackEngines/WindowsStandaloneSupport/UnityEditor.WindowsStandalone.Extensions.dll
Registered in 0.003729 seconds.
Native extension for WindowsStandalone target not found
Refreshing native plugins compatible for Editor in 41.32 ms, found 2 plugins.
Preloading 0 native plugins for Editor in 0.00 ms.
Invoked RoslynAnalysisRunner static constructor.
RoslynAnalysisRunner will not be running.
RoslynAnalysisRunner has terminated.
Mono: successfully reloaded assembly
- Completed reload, in  0.979 seconds
Platform modules already initialized, skipping
Registering precompiled user dll's ...
Registered in 0.004013 seconds.
Begin MonoManager ReloadAssembly
Native extension for WindowsStandalone target not found
Refreshing native plugins compatible for Editor in 42.76 ms, found 2 plugins.
Preloading 0 native plugins for Editor in 0.00 ms.
Invoked RoslynAnalysisRunner static constructor.
RoslynAnalysisRunner will not be running.
RoslynAnalysisRunner has terminated.
Mono: successfully reloaded assembly
- Completed reload, in  1.056 seconds
Platform modules already initialized, skipping
========================================================================
Worker process is ready to serve import requests
Launched and connected shader compiler UnityShaderCompiler.exe after 0.04 seconds
Refreshing native plugins compatible for Editor in 0.55 ms, found 2 plugins.
Preloading 0 native plugins for Editor in 0.00 ms.
Unloading 1991 Unused Serialized files (Serialized files now loaded: 0)
System memory in use before: 92.0 MB.
System memory in use after: 92.1 MB.

Unloading 37 unused Assets to reduce memory usage. Loaded Objects now: 2418.
Total: 3.274300 ms (FindLiveObjects: 0.565100 ms CreateObjectMapping: 0.054600 ms MarkObjects: 2.581300 ms  DeleteObjects: 0.070400 ms)

========================================================================
Received Import Request.
  path: Assets/Live2D/Cubism/Viewer/Gems/Animating 1
  artifactKey: Guid(8c5013f6335bee047adc5d69ea7df38e) Importer(815301076,1909f56bfc062723c751e8b465ee728b)
Start importing Assets/Live2D/Cubism/Viewer/Gems/Animating 1 using Guid(8c5013f6335bee047adc5d69ea7df38e) Importer(815301076,1909f56bfc062723c751e8b465ee728b)  -> (artifact id: '9a601b1d7d4765503e9292013643f380') in 0.006003 seconds
  Import took 0.009246 seconds .

========================================================================
Received Import Request.
  Time since last request: 0.000278 seconds.
  path: Assets/Live2D/Cubism/Viewer/Gems/Misc
  artifactKey: Guid(f6558d62d7a4a2648a4a3b8a6fa2a15b) Importer(815301076,1909f56bfc062723c751e8b465ee728b)
Start importing Assets/Live2D/Cubism/Viewer/Gems/Misc using Guid(f6558d62d7a4a2648a4a3b8a6fa2a15b) Importer(815301076,1909f56bfc062723c751e8b465ee728b)  -> (artifact id: 'c3465bc4f4d33499fc647937a11c61e1') in 0.002435 seconds
  Import took 0.005306 seconds .

========================================================================
Received Import Request.
  Time since last request: 58.487446 seconds.
  path: Assets/Live2D/Cubism/Viewer/Gems/Misc/BGColor.cs
  artifactKey: Guid(a5fe9e5b5f7dfd34ea78ca71a24d7711) Importer(815301076,1909f56bfc062723c751e8b465ee728b)
Start importing Assets/Live2D/Cubism/Viewer/Gems/Misc/BGColor.cs using Guid(a5fe9e5b5f7dfd34ea78ca71a24d7711) Importer(815301076,1909f56bfc062723c751e8b465ee728b)  -> (artifact id: 'b2d1576c2ad7e04690ab5268578212ca') in 0.028256 seconds
  Import took 0.031947 seconds .

========================================================================
Received Import Request.
  Time since last request: 68.609233 seconds.
  path: Assets/Live2D/Cubism/Viewer/Gems/Misc/CubismRecorderResources/RecordMaterial.mat
  artifactKey: Guid(7d6a3f9308322ca45924c6736053d2bb) Importer(815301076,1909f56bfc062723c751e8b465ee728b)
Start importing Assets/Live2D/Cubism/Viewer/Gems/Misc/CubismRecorderResources/RecordMaterial.mat using Guid(7d6a3f9308322ca45924c6736053d2bb) Importer(815301076,1909f56bfc062723c751e8b465ee728b)  -> (artifact id: 'f725b3efad7e321f38cf504987cf89b0') in 0.102470 seconds
  Import took 0.105928 seconds .

========================================================================
Received Import Request.
  Time since last request: 0.000707 seconds.
  path: Assets/Live2D/Cubism/Viewer/Gems/Misc/CubismRecorderResources/RecordMaterial.mat
  artifactKey: Guid(7d6a3f9308322ca45924c6736053d2bb) Importer(815301076,1909f56bfc062723c751e8b465ee728b)
Start importing Assets/Live2D/Cubism/Viewer/Gems/Misc/CubismRecorderResources/RecordMaterial.mat using Guid(7d6a3f9308322ca45924c6736053d2bb) Importer(815301076,1909f56bfc062723c751e8b465ee728b)  -> (artifact id: 'f725b3efad7e321f38cf504987cf89b0') in 0.010847 seconds
  Import took 0.015162 seconds .

========================================================================
Received Import Request.
  Time since last request: 2.667109 seconds.
  path: Assets/Live2D/Cubism/Viewer/Gems/Misc/CubismRecorderResources/CubismCaptureShader.shader
  artifactKey: Guid(b8ded169d703f9443baf8e9c0022b64a) Importer(815301076,1909f56bfc062723c751e8b465ee728b)
Start importing Assets/Live2D/Cubism/Viewer/Gems/Misc/CubismRecorderResources/CubismCaptureShader.shader using Guid(b8ded169d703f9443baf8e9c0022b64a) Importer(815301076,1909f56bfc062723c751e8b465ee728b)  -> (artifact id: '1968953ed04db2b531080eddc19c07cd') in 0.004725 seconds
  Import took 0.008197 seconds .

========================================================================
Received Import Request.
  Time since last request: 0.012368 seconds.
  path: Assets/Live2D/Cubism/Viewer/Gems/Misc/CubismRecorderResources/CubismCaptureShader.shader
  artifactKey: Guid(b8ded169d703f9443baf8e9c0022b64a) Importer(815301076,1909f56bfc062723c751e8b465ee728b)
Start importing Assets/Live2D/Cubism/Viewer/Gems/Misc/CubismRecorderResources/CubismCaptureShader.shader using Guid(b8ded169d703f9443baf8e9c0022b64a) Importer(815301076,1909f56bfc062723c751e8b465ee728b)  -> (artifact id: '1968953ed04db2b531080eddc19c07cd') in 0.002906 seconds
  Import took 0.006147 seconds .

========================================================================
Received Import Request.
  Time since last request: 4.073330 seconds.
  path: Assets/Live2D/Cubism/Viewer/Gems/Misc/CubismRecorderResources/CubismCameraCapture.cs
  artifactKey: Guid(f9e3d6d7e3fa8ec4797541b9d4274587) Importer(815301076,1909f56bfc062723c751e8b465ee728b)
Start importing Assets/Live2D/Cubism/Viewer/Gems/Misc/CubismRecorderResources/CubismCameraCapture.cs using Guid(f9e3d6d7e3fa8ec4797541b9d4274587) Importer(815301076,1909f56bfc062723c751e8b465ee728b)  -> (artifact id: 'dca35591d3f6ab34dd0118ba17913ba3') in 0.003454 seconds
  Import took 0.006711 seconds .

========================================================================
Received Import Request.
  Time since last request: 192.982541 seconds.
  path: Assets/Live2D/Cubism/Viewer/Gems/Misc/CubismRecorderResources
  artifactKey: Guid(98fe7287203db8b4785f3180a7986487) Importer(815301076,1909f56bfc062723c751e8b465ee728b)
Start importing Assets/Live2D/Cubism/Viewer/Gems/Misc/CubismRecorderResources using Guid(98fe7287203db8b4785f3180a7986487) Importer(815301076,1909f56bfc062723c751e8b465ee728b)  -> (artifact id: '5fea32b27a6b7e29db0fd7493a05fd55') in 0.002994 seconds
  Import took 0.006944 seconds .

========================================================================
Received Import Request.
  Time since last request: 1.218274 seconds.
  path: Assets/Live2D/Cubism/Viewer/Gems/Misc/CubismRecorder.cs
  artifactKey: Guid(56bbd1daa1b8eb54196ed28851938413) Importer(815301076,1909f56bfc062723c751e8b465ee728b)
Start importing Assets/Live2D/Cubism/Viewer/Gems/Misc/CubismRecorder.cs using Guid(56bbd1daa1b8eb54196ed28851938413) Importer(815301076,1909f56bfc062723c751e8b465ee728b)  -> (artifact id: '3edb09dd82e1c0df93ca8bdaa7a90b3f') in 0.003451 seconds
  Import took 0.007842 seconds .

========================================================================
Received Import Request.
  Time since last request: 0.615620 seconds.
  path: Assets/Live2D/Cubism/Viewer/Gems/Misc/LookAround.cs
  artifactKey: Guid(191db144b05311742ac2d5e57bb00bc6) Importer(815301076,1909f56bfc062723c751e8b465ee728b)
Start importing Assets/Live2D/Cubism/Viewer/Gems/Misc/LookAround.cs using Guid(191db144b05311742ac2d5e57bb00bc6) Importer(815301076,1909f56bfc062723c751e8b465ee728b)  -> (artifact id: 'b367bba8739471119e3854648f49cb05') in 0.003805 seconds
  Import took 0.007167 seconds .

========================================================================
Received Prepare
Registering precompiled user dll's ...
Registered in 0.004043 seconds.
Begin MonoManager ReloadAssembly
Native extension for WindowsStandalone target not found
Refreshing native plugins compatible for Editor in 0.56 ms, found 2 plugins.
Preloading 0 native plugins for Editor in 0.00 ms.
Invoked RoslynAnalysisRunner static constructor.
RoslynAnalysisRunner will not be running.
RoslynAnalysisRunner has terminated.
Mono: successfully reloaded assembly
- Completed reload, in  0.948 seconds
Platform modules already initialized, skipping
Refreshing native plugins compatible for Editor in 0.57 ms, found 2 plugins.
Preloading 0 native plugins for Editor in 0.00 ms.
Unloading 1986 Unused Serialized files (Serialized files now loaded: 0)
System memory in use before: 95.1 MB.
System memory in use after: 95.1 MB.

Unloading 37 unused Assets to reduce memory usage. Loaded Objects now: 2467.
Total: 3.397600 ms (FindLiveObjects: 0.579700 ms CreateObjectMapping: 0.132800 ms MarkObjects: 2.570700 ms  DeleteObjects: 0.110700 ms)

========================================================================
Received Import Request.
  Time since last request: 69.632523 seconds.
  path: Assets/Live2D/Cubism/Viewer/Gems/Misc/CubismRecorderPrefabs
  artifactKey: Guid(91ad1ded3349d844ca8a3f2f38455f70) Importer(815301076,1909f56bfc062723c751e8b465ee728b)
Start importing Assets/Live2D/Cubism/Viewer/Gems/Misc/CubismRecorderPrefabs using Guid(91ad1ded3349d844ca8a3f2f38455f70) Importer(815301076,1909f56bfc062723c751e8b465ee728b)  -> (artifact id: '21adac24e34fa71e6204edb6e937ee3b') in 0.006822 seconds
  Import took 0.010508 seconds .

========================================================================
Received Import Request.
  Time since last request: 4.573117 seconds.
  path: Assets/Live2D/Cubism/Viewer/Gems/Theming/TwoColorThemer.cs
  artifactKey: Guid(d8b5ba01294103d4fa7ec755c1a5ca0f) Importer(815301076,1909f56bfc062723c751e8b465ee728b)
Start importing Assets/Live2D/Cubism/Viewer/Gems/Theming/TwoColorThemer.cs using Guid(d8b5ba01294103d4fa7ec755c1a5ca0f) Importer(815301076,1909f56bfc062723c751e8b465ee728b)  -> (artifact id: '8ccec1d5a8bec4900cbc17f9657eb6d9') in 0.002704 seconds
  Import took 0.006895 seconds .

========================================================================
Received Import Request.
  Time since last request: 1.126750 seconds.
  path: Assets/Live2D/Cubism/Viewer/Gems/Theming/TwoColorTheme.cs
  artifactKey: Guid(3ea1d2670b46eb149b60fdd9cb909c27) Importer(815301076,1909f56bfc062723c751e8b465ee728b)
Start importing Assets/Live2D/Cubism/Viewer/Gems/Theming/TwoColorTheme.cs using Guid(3ea1d2670b46eb149b60fdd9cb909c27) Importer(815301076,1909f56bfc062723c751e8b465ee728b)  -> (artifact id: '0f631d9d01bd00d3eb9fc9f0c2a59bf2') in 0.003459 seconds
  Import took 0.007715 seconds .

========================================================================
Received Prepare
Registering precompiled user dll's ...
Registered in 0.003884 seconds.
Begin MonoManager ReloadAssembly
Native extension for WindowsStandalone target not found
Refreshing native plugins compatible for Editor in 0.57 ms, found 2 plugins.
Preloading 0 native plugins for Editor in 0.00 ms.
Invoked RoslynAnalysisRunner static constructor.
RoslynAnalysisRunner will not be running.
RoslynAnalysisRunner has terminated.
Mono: successfully reloaded assembly
- Completed reload, in  0.943 seconds
Platform modules already initialized, skipping
Refreshing native plugins compatible for Editor in 0.57 ms, found 2 plugins.
Preloading 0 native plugins for Editor in 0.00 ms.
Unloading 1986 Unused Serialized files (Serialized files now loaded: 0)
System memory in use before: 95.2 MB.
System memory in use after: 95.2 MB.

Unloading 27 unused Assets to reduce memory usage. Loaded Objects now: 2470.
Total: 2.763100 ms (FindLiveObjects: 0.408400 ms CreateObjectMapping: 0.106100 ms MarkObjects: 2.175400 ms  DeleteObjects: 0.071700 ms)

========================================================================
Received Import Request.
  Time since last request: 40.511963 seconds.
  path: Assets/Live2D/Cubism/Viewer/CubismViewerConfig.cs
  artifactKey: Guid(497f4ecb9de1f154cbfdc8ee0593bf28) Importer(815301076,1909f56bfc062723c751e8b465ee728b)
Start importing Assets/Live2D/Cubism/Viewer/CubismViewerConfig.cs using Guid(497f4ecb9de1f154cbfdc8ee0593bf28) Importer(815301076,1909f56bfc062723c751e8b465ee728b)  -> (artifact id: '9d36dd31ed7f011bb6c9c6fb71cee77e') in 0.006460 seconds
  Import took 0.009896 seconds .

========================================================================
Received Import Request.
  Time since last request: 188.526604 seconds.
  path: Assets/Live2D/Cubism/Viewer/Gems/Misc/CubismRecorderPrefabs/RecordPanel.prefab
  artifactKey: Guid(603b313ee39f9244eb47893dd959b921) Importer(815301076,1909f56bfc062723c751e8b465ee728b)
Start importing Assets/Live2D/Cubism/Viewer/Gems/Misc/CubismRecorderPrefabs/RecordPanel.prefab using Guid(603b313ee39f9244eb47893dd959b921) Importer(815301076,1909f56bfc062723c751e8b465ee728b)  -> (artifact id: 'd199625532f559d6b96879730a5cfaee') in 0.055313 seconds
  Import took 0.059105 seconds .

========================================================================
Received Import Request.
  Time since last request: 108.846917 seconds.
  path: Assets/Live2D/Cubism/Viewer/Gems/Animating/PhysicsControllerPrefabs
  artifactKey: Guid(7436ad0fba0f78c4281efdf6d8740d7c) Importer(815301076,1909f56bfc062723c751e8b465ee728b)
Start importing Assets/Live2D/Cubism/Viewer/Gems/Animating/PhysicsControllerPrefabs using Guid(7436ad0fba0f78c4281efdf6d8740d7c) Importer(815301076,1909f56bfc062723c751e8b465ee728b)  -> (artifact id: '4a8e3805d74ce0124fd7280cc1ab8078') in 0.003898 seconds
  Import took 0.007152 seconds .

========================================================================
Received Import Request.
  Time since last request: 0.039928 seconds.
  path: Assets/Live2D/Cubism/Viewer/Gems/Animating/PhysicsControllerPrefabs/PhysicsToggle.prefab
  artifactKey: Guid(b1b3e8a23d9e80c4a8eab4b6ba15f6ec) Importer(815301076,1909f56bfc062723c751e8b465ee728b)
Start importing Assets/Live2D/Cubism/Viewer/Gems/Animating/PhysicsControllerPrefabs/PhysicsToggle.prefab using Guid(b1b3e8a23d9e80c4a8eab4b6ba15f6ec) Importer(815301076,1909f56bfc062723c751e8b465ee728b)  -> (artifact id: '6ffcf0a5ae67a45e809dcf3ff7878f59') in 0.004798 seconds
  Import took 0.008654 seconds .

========================================================================
Received Import Request.
  Time since last request: 20.492369 seconds.
  path: Assets/Live2D/Cubism/Viewer/Gems/Animating/ParamSliderPrefabs
  artifactKey: Guid(1b1db04b5309c174fbcf2ce37d5a6692) Importer(815301076,1909f56bfc062723c751e8b465ee728b)
Start importing Assets/Live2D/Cubism/Viewer/Gems/Animating/ParamSliderPrefabs using Guid(1b1db04b5309c174fbcf2ce37d5a6692) Importer(815301076,1909f56bfc062723c751e8b465ee728b)  -> (artifact id: '0c088dc389ff3f844c57588822740d11') in 0.004222 seconds
  Import took 0.008635 seconds .

========================================================================
Received Import Request.
  Time since last request: 0.068033 seconds.
  path: Assets/Live2D/Cubism/Viewer/Gems/Animating/ParamSliderPrefabs/paramScroll.prefab
  artifactKey: Guid(6a1985738b71cb3499ee1b0901b9720e) Importer(815301076,1909f56bfc062723c751e8b465ee728b)
Start importing Assets/Live2D/Cubism/Viewer/Gems/Animating/ParamSliderPrefabs/paramScroll.prefab using Guid(6a1985738b71cb3499ee1b0901b9720e) Importer(815301076,1909f56bfc062723c751e8b465ee728b)  -> (artifact id: 'd1ce93cc4dba1b83534714b50fb80138') in 0.019169 seconds
  Import took 0.023925 seconds .

========================================================================
Received Import Request.
  Time since last request: 3.476063 seconds.
  path: Assets/Live2D/Cubism/Viewer/Gems/Animating/PartSliderPrefabs
  artifactKey: Guid(97e2829bc05e85c4aa72eb3e00413e78) Importer(815301076,1909f56bfc062723c751e8b465ee728b)
Start importing Assets/Live2D/Cubism/Viewer/Gems/Animating/PartSliderPrefabs using Guid(97e2829bc05e85c4aa72eb3e00413e78) Importer(815301076,1909f56bfc062723c751e8b465ee728b)  -> (artifact id: '9f9e698a41a39f5ec9d112d6910fdaf0') in 0.003313 seconds
  Import took 0.006837 seconds .

========================================================================
Received Import Request.
  Time since last request: 3.194603 seconds.
  path: Assets/Live2D/Cubism/Viewer/Gems/Animating/AnimationControls.cs
  artifactKey: Guid(629609cb2b351114b9a9837c5f6da6d8) Importer(815301076,1909f56bfc062723c751e8b465ee728b)
Start importing Assets/Live2D/Cubism/Viewer/Gems/Animating/AnimationControls.cs using Guid(629609cb2b351114b9a9837c5f6da6d8) Importer(815301076,1909f56bfc062723c751e8b465ee728b)  -> (artifact id: '5b82e1c3d20a041cfd78403da0328a14') in 0.003475 seconds
  Import took 0.006891 seconds .

========================================================================
Received Import Request.
  Time since last request: 0.659683 seconds.
  path: Assets/Live2D/Cubism/Viewer/Gems/Animating/AutoAnimator.cs
  artifactKey: Guid(ab9fdf9059102b240a1330ff2363de16) Importer(815301076,1909f56bfc062723c751e8b465ee728b)
Start importing Assets/Live2D/Cubism/Viewer/Gems/Animating/AutoAnimator.cs using Guid(ab9fdf9059102b240a1330ff2363de16) Importer(815301076,1909f56bfc062723c751e8b465ee728b)  -> (artifact id: '7982f9a552e834440747af43b2dd2991') in 0.003364 seconds
  Import took 0.006617 seconds .

========================================================================
Received Import Request.
  Time since last request: 0.600890 seconds.
  path: Assets/Live2D/Cubism/Viewer/Gems/Animating/CubismParameterInfo.cs
  artifactKey: Guid(473acb4abdf7d9e42a8cc75f7e681c59) Importer(815301076,1909f56bfc062723c751e8b465ee728b)
Start importing Assets/Live2D/Cubism/Viewer/Gems/Animating/CubismParameterInfo.cs using Guid(473acb4abdf7d9e42a8cc75f7e681c59) Importer(815301076,1909f56bfc062723c751e8b465ee728b)  -> (artifact id: '36d55e4c35086f50cfd8e735be84e591') in 0.003108 seconds
  Import took 0.015170 seconds .

========================================================================
Received Import Request.
  Time since last request: 0.547658 seconds.
  path: Assets/Live2D/Cubism/Viewer/Gems/Animating/CubismPartInfo.cs
  artifactKey: Guid(5987ed08e6382e846ab443a91486505d) Importer(815301076,1909f56bfc062723c751e8b465ee728b)
Start importing Assets/Live2D/Cubism/Viewer/Gems/Animating/CubismPartInfo.cs using Guid(5987ed08e6382e846ab443a91486505d) Importer(815301076,1909f56bfc062723c751e8b465ee728b)  -> (artifact id: '1020a8741ebabc3028274e5ea8cdd4ed') in 0.002929 seconds
  Import took 0.006146 seconds .

========================================================================
Received Prepare
Registering precompiled user dll's ...
Registered in 0.004306 seconds.
Begin MonoManager ReloadAssembly
Native extension for WindowsStandalone target not found
Refreshing native plugins compatible for Editor in 0.60 ms, found 2 plugins.
Preloading 0 native plugins for Editor in 0.00 ms.
Invoked RoslynAnalysisRunner static constructor.
RoslynAnalysisRunner will not be running.
RoslynAnalysisRunner has terminated.
Mono: successfully reloaded assembly
- Completed reload, in  0.931 seconds
Platform modules already initialized, skipping
Refreshing native plugins compatible for Editor in 1.31 ms, found 2 plugins.
Preloading 0 native plugins for Editor in 0.00 ms.
Unloading 1986 Unused Serialized files (Serialized files now loaded: 0)
System memory in use before: 95.4 MB.
System memory in use after: 95.4 MB.

Unloading 33 unused Assets to reduce memory usage. Loaded Objects now: 2475.
Total: 2.519300 ms (FindLiveObjects: 0.371600 ms CreateObjectMapping: 0.109100 ms MarkObjects: 1.948700 ms  DeleteObjects: 0.087500 ms)

========================================================================
Received Import Request.
  Time since last request: 440.406881 seconds.
  path: Assets/Live2D/Cubism/Viewer/Gems/Animating/ParamSliders.cs
  artifactKey: Guid(7aa0ac9c001cd9f40a953fb2e258204b) Importer(815301076,1909f56bfc062723c751e8b465ee728b)
Start importing Assets/Live2D/Cubism/Viewer/Gems/Animating/ParamSliders.cs using Guid(7aa0ac9c001cd9f40a953fb2e258204b) Importer(815301076,1909f56bfc062723c751e8b465ee728b)  -> (artifact id: 'bbfc373b683600d4183b6c6df228b1c2') in 0.006913 seconds
  Import took 0.011138 seconds .

========================================================================
Received Import Request.
  Time since last request: 2.010880 seconds.
  path: Assets/Live2D/Cubism/Viewer/Gems/Animating/PhysicsController.cs
  artifactKey: Guid(38622974c4e5f4c44bf3263ff8de4f09) Importer(815301076,1909f56bfc062723c751e8b465ee728b)
Start importing Assets/Live2D/Cubism/Viewer/Gems/Animating/PhysicsController.cs using Guid(38622974c4e5f4c44bf3263ff8de4f09) Importer(815301076,1909f56bfc062723c751e8b465ee728b)  -> (artifact id: '66ffac5514b936f33bad92ca714567f1') in 0.002912 seconds
  Import took 0.006095 seconds .

========================================================================
Received Import Request.
  Time since last request: 1.320068 seconds.
  path: Assets/Live2D/Cubism/Viewer/Gems/Animating/PartSliders.cs
  artifactKey: Guid(a1bec3f36f2c7764392ca0211183e3d6) Importer(815301076,1909f56bfc062723c751e8b465ee728b)
Start importing Assets/Live2D/Cubism/Viewer/Gems/Animating/PartSliders.cs using Guid(a1bec3f36f2c7764392ca0211183e3d6) Importer(815301076,1909f56bfc062723c751e8b465ee728b)  -> (artifact id: 'aff015cfe0f2eeb5298c7006d4bc7440') in 0.003685 seconds
  Import took 0.007224 seconds .

========================================================================
Received Prepare
Registering precompiled user dll's ...
Registered in 0.004834 seconds.
Begin MonoManager ReloadAssembly
Native extension for WindowsStandalone target not found
Refreshing native plugins compatible for Editor in 0.58 ms, found 2 plugins.
Preloading 0 native plugins for Editor in 0.00 ms.
Invoked RoslynAnalysisRunner static constructor.
RoslynAnalysisRunner will not be running.
RoslynAnalysisRunner has terminated.
Mono: successfully reloaded assembly
- Completed reload, in  0.935 seconds
Platform modules already initialized, skipping
Refreshing native plugins compatible for Editor in 0.57 ms, found 2 plugins.
Preloading 0 native plugins for Editor in 0.00 ms.
Unloading 1986 Unused Serialized files (Serialized files now loaded: 0)
System memory in use before: 95.4 MB.
System memory in use after: 95.5 MB.

Unloading 27 unused Assets to reduce memory usage. Loaded Objects now: 2478.
Total: 2.727000 ms (FindLiveObjects: 0.417700 ms CreateObjectMapping: 0.124200 ms MarkObjects: 2.113200 ms  DeleteObjects: 0.069800 ms)

========================================================================
Received Import Request.
  Time since last request: 271.565889 seconds.
  path: Assets/Live2D/Cubism/Viewer/Gems/Animating/PhysicsControllerPrefabs/PhysicsToggle.prefab
  artifactKey: Guid(b1b3e8a23d9e80c4a8eab4b6ba15f6ec) Importer(815301076,1909f56bfc062723c751e8b465ee728b)
Start importing Assets/Live2D/Cubism/Viewer/Gems/Animating/PhysicsControllerPrefabs/PhysicsToggle.prefab using Guid(b1b3e8a23d9e80c4a8eab4b6ba15f6ec) Importer(815301076,1909f56bfc062723c751e8b465ee728b)  -> (artifact id: 'd46d8e422d5d18a6a1648bb8d5e3f90d') in 0.034633 seconds
  Import took 0.037912 seconds .

========================================================================
Received Prepare
Registering precompiled user dll's ...
Registered in 0.003994 seconds.
Begin MonoManager ReloadAssembly
Native extension for WindowsStandalone target not found
Refreshing native plugins compatible for Editor in 0.81 ms, found 2 plugins.
Preloading 0 native plugins for Editor in 0.00 ms.
Invoked RoslynAnalysisRunner static constructor.
RoslynAnalysisRunner will not be running.
RoslynAnalysisRunner has terminated.
Mono: successfully reloaded assembly
- Completed reload, in  0.981 seconds
Platform modules already initialized, skipping
Refreshing native plugins compatible for Editor in 0.59 ms, found 2 plugins.
Preloading 0 native plugins for Editor in 0.00 ms.
Unloading 1986 Unused Serialized files (Serialized files now loaded: 0)
System memory in use before: 95.5 MB.
System memory in use after: 95.6 MB.

Unloading 29 unused Assets to reduce memory usage. Loaded Objects now: 2481.
Total: 3.024200 ms (FindLiveObjects: 0.634100 ms CreateObjectMapping: 0.150500 ms MarkObjects: 2.159200 ms  DeleteObjects: 0.077800 ms)

========================================================================
Received Prepare
Registering precompiled user dll's ...
Registered in 0.005380 seconds.
Begin MonoManager ReloadAssembly
Native extension for WindowsStandalone target not found
Refreshing native plugins compatible for Editor in 0.81 ms, found 2 plugins.
Preloading 0 native plugins for Editor in 0.00 ms.
Invoked RoslynAnalysisRunner static constructor.
RoslynAnalysisRunner will not be running.
RoslynAnalysisRunner has terminated.
Mono: successfully reloaded assembly
- Completed reload, in  1.004 seconds
Platform modules already initialized, skipping
Refreshing native plugins compatible for Editor in 0.81 ms, found 2 plugins.
Preloading 0 native plugins for Editor in 0.00 ms.
Unloading 1986 Unused Serialized files (Serialized files now loaded: 0)
System memory in use before: 95.6 MB.
System memory in use after: 95.7 MB.

Unloading 27 unused Assets to reduce memory usage. Loaded Objects now: 2484.
Total: 2.109200 ms (FindLiveObjects: 0.274900 ms CreateObjectMapping: 0.052800 ms MarkObjects: 1.711900 ms  DeleteObjects: 0.068300 ms)

========================================================================
Received Prepare
Registering precompiled user dll's ...
Registered in 0.004675 seconds.
Begin MonoManager ReloadAssembly
Native extension for WindowsStandalone target not found
Refreshing native plugins compatible for Editor in 0.58 ms, found 2 plugins.
Preloading 0 native plugins for Editor in 0.00 ms.
Invoked RoslynAnalysisRunner static constructor.
RoslynAnalysisRunner will not be running.
RoslynAnalysisRunner has terminated.
Mono: successfully reloaded assembly
- Completed reload, in  0.998 seconds
Platform modules already initialized, skipping
Refreshing native plugins compatible for Editor in 0.57 ms, found 2 plugins.
Preloading 0 native plugins for Editor in 0.00 ms.
Unloading 1986 Unused Serialized files (Serialized files now loaded: 0)
System memory in use before: 95.7 MB.
System memory in use after: 95.8 MB.

Unloading 27 unused Assets to reduce memory usage. Loaded Objects now: 2487.
Total: 2.180400 ms (FindLiveObjects: 0.261300 ms CreateObjectMapping: 0.046500 ms MarkObjects: 1.802500 ms  DeleteObjects: 0.068900 ms)

========================================================================
Received Import Request.
  Time since last request: 692.774739 seconds.
  path: Assets/Live2D/Cubism/Viewer/Gems/Animating/PartSliderPrefabs/partScroll.prefab
  artifactKey: Guid(96231b037e00a1543a64d789593aef6c) Importer(815301076,1909f56bfc062723c751e8b465ee728b)
Start importing Assets/Live2D/Cubism/Viewer/Gems/Animating/PartSliderPrefabs/partScroll.prefab using Guid(96231b037e00a1543a64d789593aef6c) Importer(815301076,1909f56bfc062723c751e8b465ee728b)  -> (artifact id: '2613677639aa196f8a56a1e96730d529') in 0.053950 seconds
  Import took 0.057992 seconds .

========================================================================
Received Prepare
Registering precompiled user dll's ...
Registered in 0.003891 seconds.
Begin MonoManager ReloadAssembly
Native extension for WindowsStandalone target not found
Refreshing native plugins compatible for Editor in 0.57 ms, found 2 plugins.
Preloading 0 native plugins for Editor in 0.00 ms.
Invoked RoslynAnalysisRunner static constructor.
RoslynAnalysisRunner will not be running.
RoslynAnalysisRunner has terminated.
Mono: successfully reloaded assembly
- Completed reload, in  0.941 seconds
Platform modules already initialized, skipping
Refreshing native plugins compatible for Editor in 0.61 ms, found 2 plugins.
Preloading 0 native plugins for Editor in 0.00 ms.
Unloading 1986 Unused Serialized files (Serialized files now loaded: 0)
System memory in use before: 95.8 MB.
System memory in use after: 95.9 MB.

Unloading 32 unused Assets to reduce memory usage. Loaded Objects now: 2490.
Total: 2.735700 ms (FindLiveObjects: 0.399000 ms CreateObjectMapping: 0.117500 ms MarkObjects: 2.124700 ms  DeleteObjects: 0.092300 ms)

========================================================================
Received Prepare
Refreshing native plugins compatible for Editor in 9.92 ms, found 2 plugins.
Preloading 0 native plugins for Editor in 0.00 ms.
Unloading 24 Unused Serialized files (Serialized files now loaded: 0)
System memory in use before: 57.2 MB.
System memory in use after: 57.3 MB.

Unloading 24 unused Assets to reduce memory usage. Loaded Objects now: 2490.
Total: 2.716700 ms (FindLiveObjects: 0.331100 ms CreateObjectMapping: 0.215300 ms MarkObjects: 2.089600 ms  DeleteObjects: 0.079200 ms)

========================================================================
Received Prepare
Registering precompiled user dll's ...
Registered in 0.004093 seconds.
Begin MonoManager ReloadAssembly
Native extension for WindowsStandalone target not found
Refreshing native plugins compatible for Editor in 0.59 ms, found 2 plugins.
Preloading 0 native plugins for Editor in 0.00 ms.
Invoked RoslynAnalysisRunner static constructor.
RoslynAnalysisRunner will not be running.
RoslynAnalysisRunner has terminated.
Mono: successfully reloaded assembly
- Completed reload, in  0.944 seconds
Platform modules already initialized, skipping
Refreshing native plugins compatible for Editor in 0.61 ms, found 2 plugins.
Preloading 0 native plugins for Editor in 0.00 ms.
Unloading 1986 Unused Serialized files (Serialized files now loaded: 0)
System memory in use before: 96.0 MB.
System memory in use after: 96.1 MB.

Unloading 27 unused Assets to reduce memory usage. Loaded Objects now: 2493.
Total: 2.987200 ms (FindLiveObjects: 0.371700 ms CreateObjectMapping: 0.053300 ms MarkObjects: 2.486500 ms  DeleteObjects: 0.073700 ms)

========================================================================
Received Import Request.
  Time since last request: 444.111874 seconds.
  path: Assets/Live2D/Cubism/Viewer/CubismViewer.cs
  artifactKey: Guid(cddd299b81b734f458f91eec6f93dc64) Importer(815301076,1909f56bfc062723c751e8b465ee728b)
Start importing Assets/Live2D/Cubism/Viewer/CubismViewer.cs using Guid(cddd299b81b734f458f91eec6f93dc64) Importer(815301076,1909f56bfc062723c751e8b465ee728b)  -> (artifact id: '37436b354b10dd2096663dc4e0b18208') in 0.006352 seconds
  Import took 0.009760 seconds .

========================================================================
Received Prepare
Refreshing native plugins compatible for Editor in 9.55 ms, found 2 plugins.
Preloading 0 native plugins for Editor in 0.00 ms.
Unloading 24 Unused Serialized files (Serialized files now loaded: 0)
System memory in use before: 57.3 MB.
System memory in use after: 57.4 MB.

Unloading 24 unused Assets to reduce memory usage. Loaded Objects now: 2493.
Total: 2.623000 ms (FindLiveObjects: 0.422200 ms CreateObjectMapping: 0.053600 ms MarkObjects: 2.072500 ms  DeleteObjects: 0.073000 ms)

========================================================================
Received Prepare
Registering precompiled user dll's ...
Registered in 0.003822 seconds.
Begin MonoManager ReloadAssembly
Native extension for WindowsStandalone target not found
Refreshing native plugins compatible for Editor in 0.61 ms, found 2 plugins.
Preloading 0 native plugins for Editor in 0.00 ms.
Invoked RoslynAnalysisRunner static constructor.
RoslynAnalysisRunner will not be running.
RoslynAnalysisRunner has terminated.
Mono: successfully reloaded assembly
- Completed reload, in  0.942 seconds
Platform modules already initialized, skipping
Refreshing native plugins compatible for Editor in 0.56 ms, found 2 plugins.
Preloading 0 native plugins for Editor in 0.00 ms.
Unloading 1986 Unused Serialized files (Serialized files now loaded: 0)
System memory in use before: 96.2 MB.
System memory in use after: 96.3 MB.

Unloading 27 unused Assets to reduce memory usage. Loaded Objects now: 2496.
Total: 2.922800 ms (FindLiveObjects: 0.427900 ms CreateObjectMapping: 0.129800 ms MarkObjects: 2.291800 ms  DeleteObjects: 0.071500 ms)

========================================================================
Received Import Request.
  Time since last request: 188.985952 seconds.
  path: Assets/Live2D/Cubism/Viewer/CubismViewer.cs
  artifactKey: Guid(cddd299b81b734f458f91eec6f93dc64) Importer(815301076,1909f56bfc062723c751e8b465ee728b)
Start importing Assets/Live2D/Cubism/Viewer/CubismViewer.cs using Guid(cddd299b81b734f458f91eec6f93dc64) Importer(815301076,1909f56bfc062723c751e8b465ee728b)  -> (artifact id: '30f4c6009de9ec44c2b3d8084bca66cd') in 0.005632 seconds
  Import took 0.009009 seconds .

========================================================================
Received Prepare
Registering precompiled user dll's ...
Registered in 0.004114 seconds.
Begin MonoManager ReloadAssembly
Native extension for WindowsStandalone target not found
Refreshing native plugins compatible for Editor in 0.59 ms, found 2 plugins.
Preloading 0 native plugins for Editor in 0.00 ms.
Invoked RoslynAnalysisRunner static constructor.
RoslynAnalysisRunner will not be running.
RoslynAnalysisRunner has terminated.
Mono: successfully reloaded assembly
- Completed reload, in  0.950 seconds
Platform modules already initialized, skipping
Refreshing native plugins compatible for Editor in 0.61 ms, found 2 plugins.
Preloading 0 native plugins for Editor in 0.00 ms.
Unloading 1986 Unused Serialized files (Serialized files now loaded: 0)
System memory in use before: 96.3 MB.
System memory in use after: 96.4 MB.

Unloading 27 unused Assets to reduce memory usage. Loaded Objects now: 2499.
Total: 2.389200 ms (FindLiveObjects: 0.320500 ms CreateObjectMapping: 0.050000 ms MarkObjects: 1.942400 ms  DeleteObjects: 0.074600 ms)

AssetImportWorkerClient::OnTransportError - code=2 error=End of file
